#
# There is insufficient memory for the Java Runtime Environment to continue.
# Native memory allocation (mmap) failed to map 134217728 bytes for Failed to commit area from 0x0000000080000000 to 0x0000000088000000 of length 134217728.
# Possible reasons:
#   The system is out of physical RAM or swap space
#   The process is running with CompressedOops enabled, and the Java Heap may be blocking the growth of the native heap
# Possible solutions:
#   Reduce memory load on the system
#   Increase physical memory or swap space
#   Check if swap backing store is full
#   Decrease Java heap size (-Xmx/-Xms)
#   Decrease number of Java threads
#   Decrease Java thread stack sizes (-Xss)
#   Set larger code cache with -XX:ReservedCodeCacheSize=
# This output file may be truncated or incomplete.
#
#  Out of Memory Error (./src/hotspot/os/windows/os_windows.cpp:3301), pid=14964, tid=12528
#
# JRE version:  (11.0.11+9) (build )
# Java VM: OpenJDK 64-Bit Server VM (11.0.11+9-b1341.60, mixed mode, sharing, tiered, compressed oops, g1 gc, windows-amd64)
# No core dump will be written. Minidumps are not enabled by default on client versions of Windows
#

---------------  S U M M A R Y ------------

Command Line: org.jetbrains.git4idea.http.GitAskPassApp Username for 'http://10.255.60.6': 

Host: Intel(R) Xeon(R) CPU E5-2650 v2 @ 2.60GHz, 6 cores, 7G,  Windows 10 , 64 bit Build 18362 (10.0.18362.1766)
Time: Sun Mar 27 00:18:07 2022 SE Asia Standard Time elapsed time: 0.044012 seconds (0d 0h 0m 0s)

---------------  T H R E A D  ---------------

Current thread (0x00000247b215a800):  JavaThread "Unknown thread" [_thread_in_vm, id=12528, stack(0x00000047ff800000,0x00000047ff900000)]

Stack: [0x00000047ff800000,0x00000047ff900000]
Native frames: (J=compiled Java code, j=interpreted, Vv=VM code, C=native code)
V  [jvm.dll+0x5f5c8a]
V  [jvm.dll+0x779405]
V  [jvm.dll+0x77aa1d]
V  [jvm.dll+0x77b0d3]
V  [jvm.dll+0x244bc8]
V  [jvm.dll+0x5f3084]
V  [jvm.dll+0x5e7fe5]
V  [jvm.dll+0x30098b]
V  [jvm.dll+0x3008fa]
V  [jvm.dll+0x3007d2]
V  [jvm.dll+0x3056b6]
V  [jvm.dll+0x34e353]
V  [jvm.dll+0x34ea56]
V  [jvm.dll+0x34e453]
V  [jvm.dll+0x2db398]
V  [jvm.dll+0x2dc547]
V  [jvm.dll+0x757bf7]
V  [jvm.dll+0x7593ec]
V  [jvm.dll+0x35b8d9]
V  [jvm.dll+0x73b38e]
V  [jvm.dll+0x3c3cc3]
V  [jvm.dll+0x3c60e1]
C  [jli.dll+0x5373]
C  [ucrtbase.dll+0x210b2]
C  [KERNEL32.DLL+0x17c24]
C  [ntdll.dll+0x6d721]


---------------  P R O C E S S  ---------------

Threads class SMR info:
_java_thread_list=0x00000247b1f74c40, length=0, elements={
}

Java Threads: ( => current thread )

Other Threads:
  0x00000247b2174000 GCTaskThread "GC Thread#0" [stack: 0x00000047ff900000,0x00000047ffa00000] [id=1012]
  0x00000247b21a4800 ConcurrentGCThread "G1 Main Marker" [stack: 0x00000047ffa00000,0x00000047ffb00000] [id=15036]
  0x00000247b21a6000 ConcurrentGCThread "G1 Conc#0" [stack: 0x00000047ffb00000,0x00000047ffc00000] [id=11948]

[error occurred during error reporting (printing all threads), id 0xc0000005, EXCEPTION_ACCESS_VIOLATION (0xc0000005) at pc=0x00007ffd10bcb9f7]

VM state:not at safepoint (not fully initialized)

VM Mutex/Monitor currently owned by a thread:  ([mutex/lock_event])
[0x00000247b2157f40] Heap_lock - owner thread: 0x00000247b215a800

Heap address: 0x0000000080000000, size: 2048 MB, Compressed Oops mode: Non-zero based: 0x0000000080000000
Narrow klass base: 0x0000000000000000, Narrow klass shift: 0

GC Heap History (0 events):
No events

Deoptimization events (0 events):
No events

Classes redefined (0 events):
No events

Internal exceptions (0 events):
No events

Events (1 events):
Event: 0.027 Loaded shared library D:\Setup\ideaIU-2021.1.3.win\jbr\bin\zip.dll


Dynamic libraries:
0x00007ff7957b0000 - 0x00007ff7957ba000 	D:\Setup\ideaIU-2021.1.3.win\jbr\bin\java.exe
0x00007ffd39ec0000 - 0x00007ffd3a0b0000 	C:\Windows\SYSTEM32\ntdll.dll
0x00007ffd39ae0000 - 0x00007ffd39b93000 	C:\Windows\System32\KERNEL32.DLL
0x00007ffd37220000 - 0x00007ffd374c6000 	C:\Windows\System32\KERNELBASE.dll
0x00007ffd370f0000 - 0x00007ffd371ea000 	C:\Windows\System32\ucrtbase.dll
0x00007ffd313a0000 - 0x00007ffd313b9000 	D:\Setup\ideaIU-2021.1.3.win\jbr\bin\jli.dll
0x00007ffd31270000 - 0x00007ffd31287000 	D:\Setup\ideaIU-2021.1.3.win\jbr\bin\VCRUNTIME140.dll
0x00007ffd39940000 - 0x00007ffd39ad4000 	C:\Windows\System32\USER32.dll
0x00007ffd36e30000 - 0x00007ffd36e51000 	C:\Windows\System32\win32u.dll
0x00007ffd39ba0000 - 0x00007ffd39bc6000 	C:\Windows\System32\GDI32.dll
0x00007ffd36eb0000 - 0x00007ffd37048000 	C:\Windows\System32\gdi32full.dll
0x00007ffd37050000 - 0x00007ffd370ee000 	C:\Windows\System32\msvcp_win.dll
0x00007ffd27320000 - 0x00007ffd275a4000 	C:\Windows\WinSxS\amd64_microsoft.windows.common-controls_6595b64144ccf1df_6.0.18362.1766_none_9e7f3731e45d5bce\COMCTL32.dll
0x00007ffd38f80000 - 0x00007ffd3901e000 	C:\Windows\System32\msvcrt.dll
0x00007ffd39090000 - 0x00007ffd393c6000 	C:\Windows\System32\combase.dll
0x00007ffd39700000 - 0x00007ffd3981f000 	C:\Windows\System32\RPCRT4.dll
0x00007ffd376a0000 - 0x00007ffd37724000 	C:\Windows\System32\bcryptPrimitives.dll
0x00007ffd37f80000 - 0x00007ffd37fae000 	C:\Windows\System32\IMM32.DLL
0x00007ffd36c20000 - 0x00007ffd36c52000 	C:\Windows\system32\vmwsci.dll
0x00007ffd38d40000 - 0x00007ffd38d48000 	C:\Windows\System32\PSAPI.DLL
0x00007ffd1c4d0000 - 0x00007ffd1c56d000 	D:\Setup\ideaIU-2021.1.3.win\jbr\bin\msvcp140.dll
0x00007ffd108e0000 - 0x00007ffd11429000 	D:\Setup\ideaIU-2021.1.3.win\jbr\bin\server\jvm.dll
0x00007ffd385a0000 - 0x00007ffd38643000 	C:\Windows\System32\ADVAPI32.dll
0x00007ffd39bd0000 - 0x00007ffd39c67000 	C:\Windows\System32\sechost.dll
0x00007ffd2d420000 - 0x00007ffd2d429000 	C:\Windows\SYSTEM32\WSOCK32.dll
0x00007ffd38d50000 - 0x00007ffd38dbf000 	C:\Windows\System32\WS2_32.dll
0x00007ffd2d430000 - 0x00007ffd2d454000 	C:\Windows\SYSTEM32\WINMM.dll
0x00007ffd35e70000 - 0x00007ffd35e7a000 	C:\Windows\SYSTEM32\VERSION.dll
0x00007ffd2d3f0000 - 0x00007ffd2d41d000 	C:\Windows\SYSTEM32\WINMMBASE.dll
0x00007ffd36e60000 - 0x00007ffd36eaa000 	C:\Windows\System32\cfgmgr32.dll
0x00007ffd36d80000 - 0x00007ffd36d91000 	C:\Windows\System32\kernel.appcore.dll
0x00007ffd34180000 - 0x00007ffd34191000 	D:\Setup\ideaIU-2021.1.3.win\jbr\bin\verify.dll
0x00007ffd35390000 - 0x00007ffd35584000 	C:\Windows\SYSTEM32\DBGHELP.DLL
0x00007ffd318d0000 - 0x00007ffd318fa000 	C:\Windows\SYSTEM32\dbgcore.DLL
0x00007ffd33ef0000 - 0x00007ffd33f19000 	D:\Setup\ideaIU-2021.1.3.win\jbr\bin\java.dll
0x00007ffd341b0000 - 0x00007ffd341bb000 	D:\Setup\ideaIU-2021.1.3.win\jbr\bin\jimage.dll
0x00007ffd33ec0000 - 0x00007ffd33ed8000 	D:\Setup\ideaIU-2021.1.3.win\jbr\bin\zip.dll

dbghelp: loaded successfully - version: 4.0.5 - missing functions: none
symbol engine: initialized successfully - sym options: 0x614 - pdb path: .;D:\Setup\ideaIU-2021.1.3.win\jbr\bin;C:\Windows\SYSTEM32;C:\Windows\WinSxS\amd64_microsoft.windows.common-controls_6595b64144ccf1df_6.0.18362.1766_none_9e7f3731e45d5bce;D:\Setup\ideaIU-2021.1.3.win\jbr\bin\server

VM Arguments:
java_command: org.jetbrains.git4idea.http.GitAskPassApp Username for 'http://10.255.60.6': 
java_class_path (initial): D:/Setup/ideaIU-2021.1.3.win/plugins/git4idea/lib/git4idea-rt.jar;D:/Setup/ideaIU-2021.1.3.win/lib/xmlrpc-2.0.1.jar;D:/Setup/ideaIU-2021.1.3.win/lib/commons-codec-1.15.jar
Launcher Type: SUN_STANDARD

[Global flags]
     intx CICompilerCount                          = 3                                         {product} {ergonomic}
     uint ConcGCThreads                            = 2                                         {product} {ergonomic}
     uint G1ConcRefinementThreads                  = 6                                         {product} {ergonomic}
   size_t G1HeapRegionSize                         = 1048576                                   {product} {ergonomic}
    uintx GCDrainStackTargetSize                   = 64                                        {product} {ergonomic}
   size_t InitialHeapSize                          = 134217728                                 {product} {ergonomic}
   size_t MarkStackSize                            = 4194304                                   {product} {ergonomic}
   size_t MaxHeapSize                              = 2147483648                                {product} {ergonomic}
   size_t MinHeapDeltaBytes                        = 1048576                                   {product} {ergonomic}
    uintx NonNMethodCodeHeapSize                   = 5830732                                {pd product} {ergonomic}
    uintx NonProfiledCodeHeapSize                  = 122913754                              {pd product} {ergonomic}
    uintx ProfiledCodeHeapSize                     = 122913754                              {pd product} {ergonomic}
    uintx ReservedCodeCacheSize                    = 251658240                              {pd product} {ergonomic}
     bool SegmentedCodeCache                       = true                                      {product} {ergonomic}
     bool UseCompressedClassPointers               = true                                 {lp64_product} {ergonomic}
     bool UseCompressedOops                        = true                                 {lp64_product} {ergonomic}
     bool UseG1GC                                  = true                                      {product} {ergonomic}
     bool UseLargePagesIndividualAllocation        = false                                  {pd product} {ergonomic}

Logging:
Log output configuration:
 #0: stdout all=warning uptime,level,tags
 #1: stderr all=off uptime,level,tags

Environment Variables:
PATH=C:\SnapVolumesTemp\MountPoints\{0000189d-0000-0000-0000-100000000000}\SVROOT\Program Files\Git\mingw64\libexec\git-core;C:\SnapVolumesTemp\MountPoints\{0000189d-0000-0000-0000-100000000000}\SVROOT\Program Files\Git\mingw64\libexec\git-core;C:\SnapVolumesTemp\MountPoints\{0000189d-0000-0000-0000-100000000000}\SVROOT\Program Files\Git\mingw64\bin;C:\SnapVolumesTemp\MountPoints\{0000189d-0000-0000-0000-100000000000}\SVROOT\Program Files\Git\usr\bin;D:\Users\pmvt-os-chc-05\bin;C:\Windows\system32;C:\Windows;C:\Windows\System32\Wbem;C:\Windows\System32\WindowsPowerShell\v1.0;C:\Windows\System32\OpenSSH;C:\Program Files\Common Files\ThinPrint;C:\app\Administrator\product\11.2.0\client_1;C:\app\Administrator\product\11.2.0\client_1\bin;C:\ProgramData\Oracle\Java\javapath;C:\Program Files (x86)\Python38-32\Scripts;C:\Program Files (x86)\Python38-32;C:\Program Files\Git\cmd;C:\Program Files\TortoiseGit\bin;C:\Program Files\Java\jdk1.8.0_111\bin;C:\Program Files (x86)\NetSarang\Xshell 7;C:\Program Files (x86)\NetSarang\Xftp 7;C:\Program Files\nodejs;C:\Program Files\Microsoft VS Code\bin;C:\Program Files\apache-maven-3.8.1\bin;D:\Users\pmvt-os-chc-05\AppData\Local\Microsoft\WindowsApps
USERNAME=pmvt-os-chc-05
DISPLAY=:0.0
LC_ALL=en_US.UTF-8
OS=Windows_NT
PROCESSOR_IDENTIFIER=Intel64 Family 6 Model 63 Stepping 2, GenuineIntel



---------------  S Y S T E M  ---------------

OS: Windows 10 , 64 bit Build 18362 (10.0.18362.1766)
OS uptime: 15 days 23:37 hours
VMWare virtualization detected

CPU:total 6 (initial active 6) (3 cores per cpu, 1 threads per core) family 6 model 62 stepping 4 microcode 0x44, cmov, cx8, fxsr, mmx, sse, sse2, sse3, ssse3, sse4.1, sse4.2, popcnt, avx, aes, clmul, erms, tsc, tscinvbit

Memory: 4k page, system-wide physical 8191M (545M free)
TotalPageFile size 14518M (AvailPageFile size 129M)
current process WorkingSet (physical memory assigned to process): 10M, peak: 10M
current process commit charge ("private bytes"): 56M, peak: 184M

vm_info: OpenJDK 64-Bit Server VM (11.0.11+9-b1341.60) for windows-amd64 JRE (11.0.11+9-b1341.60), built on Jun  4 2021 08:17:54 by "" with MS VC++ 14.0 (VS2015)

END.
